0.0.8

  * appveyor: register go-msi path manually
  * appveyor: update go-msi package
  * appveyor: fix curl option to follow location redirect
  * changelog: 0.0.7

  - mh-cbon <mh-cbon@users.noreply.github.com>

-- mh-cbon <mh-cbon@users.noreply.github.com>; Tue, 12 Jul 2016 00:10:58 +0200


0.0.7

  * appveyor: fix curl option to follow location redirect

  - mh-cbon <mh-cbon@users.noreply.github.com>

-- mh-cbon <mh-cbon@users.noreply.github.com>; Mon, 11 Jul 2016 23:32:43 +0200


0.0.6

  * add msi build
  * README: update install procedure

  - mh-cbon <mh-cbon@users.noreply.github.com>

-- mh-cbon <mh-cbon@users.noreply.github.com>; Mon, 11 Jul 2016 23:23:53 +0200


0.0.5

  * deb.json: make use of name token
  * README: Update usage command line
  * installer: fix url download

  - mh-cbon <mh-cbon@users.noreply.github.com>

-- mh-cbon <mh-cbon@users.noreply.github.com>; Mon, 11 Jul 2016 22:51:43 +0200


0.0.4

  * fix glide lock file

  - mh-cbon <mh-cbon@users.noreply.github.com>

-- mh-cbon <mh-cbon@users.noreply.github.com>; Mon, 11 Jul 2016 22:22:19 +0200


0.0.3

  * add magic install script
  * update release key
  * update install method

  - mh-cbon <mh-cbon@users.noreply.github.com>

-- mh-cbon <mh-cbon@users.noreply.github.com>; Mon, 11 Jul 2016 22:05:53 +0200


0.0.2

  * add deb.json file to generate debian packages

  - mh-cbon <mh-cbon@users.noreply.github.com>

-- mh-cbon <mh-cbon@users.noreply.github.com>; Mon, 11 Jul 2016 21:48:46 +0200


0.0.1

  * Initial release

  - mh-cbon <mh-cbon@users.noreply.github.com>

-- mh-cbon <mh-cbon@users.noreply.github.com>; Mon, 11 Jul 2016 21:43:10 +0200


